TN:
SF:database/index.js
FN:12,(anonymous_0)
FN:13,(anonymous_1)
FN:14,(anonymous_2)
FN:24,(anonymous_3)
FN:25,(anonymous_4)
FN:26,(anonymous_5)
FN:27,(anonymous_6)
FN:41,(anonymous_7)
FN:42,(anonymous_8)
FN:43,(anonymous_9)
FN:44,(anonymous_10)
FN:58,(anonymous_11)
FN:59,(anonymous_12)
FN:60,(anonymous_13)
FN:61,(anonymous_14)
FN:75,(anonymous_15)
FN:76,(anonymous_16)
FN:77,(anonymous_17)
FN:78,(anonymous_18)
FN:92,(anonymous_19)
FN:93,(anonymous_20)
FN:94,(anonymous_21)
FN:106,(anonymous_22)
FN:107,(anonymous_23)
FN:112,(anonymous_24)
FNF:25
FNH:3
FNDA:0,(anonymous_0)
FNDA:0,(anonymous_1)
FNDA:0,(anonymous_2)
FNDA:0,(anonymous_3)
FNDA:0,(anonymous_4)
FNDA:0,(anonymous_5)
FNDA:0,(anonymous_6)
FNDA:0,(anonymous_7)
FNDA:0,(anonymous_8)
FNDA:0,(anonymous_9)
FNDA:0,(anonymous_10)
FNDA:0,(anonymous_11)
FNDA:0,(anonymous_12)
FNDA:0,(anonymous_13)
FNDA:0,(anonymous_14)
FNDA:0,(anonymous_15)
FNDA:0,(anonymous_16)
FNDA:0,(anonymous_17)
FNDA:0,(anonymous_18)
FNDA:0,(anonymous_19)
FNDA:0,(anonymous_20)
FNDA:0,(anonymous_21)
FNDA:1,(anonymous_22)
FNDA:1,(anonymous_23)
FNDA:1,(anonymous_24)
DA:1,1
DA:3,1
DA:10,1
DA:12,1
DA:13,0
DA:14,0
DA:15,0
DA:16,0
DA:18,0
DA:24,1
DA:25,0
DA:26,0
DA:27,0
DA:28,0
DA:29,0
DA:30,0
DA:32,0
DA:33,0
DA:38,0
DA:41,1
DA:42,0
DA:43,0
DA:44,0
DA:45,0
DA:46,0
DA:47,0
DA:49,0
DA:50,0
DA:55,0
DA:58,1
DA:59,0
DA:60,0
DA:61,0
DA:62,0
DA:63,0
DA:64,0
DA:66,0
DA:67,0
DA:72,0
DA:75,1
DA:76,0
DA:77,0
DA:78,0
DA:79,0
DA:80,0
DA:81,0
DA:83,0
DA:84,0
DA:89,0
DA:92,1
DA:93,0
DA:94,0
DA:95,0
DA:96,0
DA:97,0
DA:99,0
DA:100,0
DA:106,1
DA:107,1
DA:108,1
DA:113,1
DA:114,0
DA:115,0
DA:117,1
DA:118,1
DA:124,1
LF:66
LH:16
BRDA:15,0,0,0
BRDA:15,0,1,0
BRDA:28,1,0,0
BRDA:28,1,1,0
BRDA:45,2,0,0
BRDA:45,2,1,0
BRDA:62,3,0,0
BRDA:62,3,1,0
BRDA:79,4,0,0
BRDA:79,4,1,0
BRDA:95,5,0,0
BRDA:95,5,1,0
BRDA:113,6,0,0
BRDA:113,6,1,1
BRF:14
BRH:1
end_of_record
TN:
SF:server/index.js
FN:10,(anonymous_0)
FN:13,(anonymous_1)
FN:14,(anonymous_2)
FN:19,(anonymous_3)
FNF:4
FNH:3
FNDA:1,(anonymous_0)
FNDA:1,(anonymous_1)
FNDA:0,(anonymous_2)
FNDA:1,(anonymous_3)
DA:1,1
DA:2,1
DA:4,1
DA:6,1
DA:7,1
DA:8,1
DA:10,1
DA:11,1
DA:12,1
DA:13,1
DA:14,0
DA:17,1
DA:19,1
DA:20,1
DA:24,1
LF:15
LH:14
BRF:0
BRH:0
end_of_record
